#
# There is insufficient memory for the Java Runtime Environment to continue.
# Native memory allocation (mmap) failed to map 268435456 bytes. Error detail: G1 virtual space
# Possible reasons:
#   The system is out of physical RAM or swap space
#   This process is running with CompressedOops enabled, and the Java Heap may be blocking the growth of the native heap
# Possible solutions:
#   Reduce memory load on the system
#   Increase physical memory or swap space
#   Check if swap backing store is full
#   Decrease Java heap size (-Xmx/-Xms)
#   Decrease number of Java threads
#   Decrease Java thread stack sizes (-Xss)
#   Set larger code cache with -XX:ReservedCodeCacheSize=
#   JVM is running with Zero Based Compressed Oops mode in which the Java heap is
#     placed in the first 32GB address space. The Java Heap base address is the
#     maximum limit for the native heap growth. Please use -XX:HeapBaseMinAddress
#     to set the Java Heap base and to place the Java Heap above 32GB virtual address.
# This output file may be truncated or incomplete.
#
#  Out of Memory Error (os_windows.cpp:3631), pid=25504, tid=23232
#
# JRE version:  (22.0+36) (build )
# Java VM: OpenJDK 64-Bit Server VM (22+36-2370, mixed mode, sharing, tiered, compressed oops, compressed class ptrs, g1 gc, windows-amd64)
# No core dump will be written. Minidumps are not enabled by default on client versions of Windows
#

---------------  S U M M A R Y ------------

Command Line: -javaagent:C:\Program Files\JetBrains\IntelliJ IDEA Community Edition 2025.2.1\lib\idea_rt.jar=59937 -Dfile.encoding=UTF-8 -Dsun.stdout.encoding=UTF-8 -Dsun.stderr.encoding=UTF-8 com.javanauta.bffagendadortarefas.BffAgendadorTarefasApplication

Host: Intel(R) Core(TM) i5-10400 CPU @ 2.90GHz, 12 cores, 15G,  Windows 11 , 64 bit Build 26100 (10.0.26100.5074)
Time: Thu Oct  2 13:58:59 2025 Hora oficial do Brasil elapsed time: 0.059036 seconds (0d 0h 0m 0s)

---------------  T H R E A D  ---------------

Current thread (0x000002915ef7e740):  JavaThread "Unknown thread" [_thread_in_vm, id=23232, stack(0x000000d720c00000,0x000000d720d00000) (1024K)]

Stack: [0x000000d720c00000,0x000000d720d00000]
Native frames: (J=compiled Java code, j=interpreted, Vv=VM code, C=native code)
V  [jvm.dll+0x6e2349]  (no source info available)
V  [jvm.dll+0x874ed3]  (no source info available)
V  [jvm.dll+0x8772fe]  (no source info available)
V  [jvm.dll+0x8779d3]  (no source info available)
V  [jvm.dll+0x27fcb6]  (no source info available)
V  [jvm.dll+0x6de9e5]  (no source info available)
V  [jvm.dll+0x6d34ea]  (no source info available)
V  [jvm.dll+0x35892a]  (no source info available)
V  [jvm.dll+0x360e56]  (no source info available)
V  [jvm.dll+0x3b3d7e]  (no source info available)
V  [jvm.dll+0x3b4028]  (no source info available)
V  [jvm.dll+0x32c4ec]  (no source info available)
V  [jvm.dll+0x32d0a8]  (no source info available)
V  [jvm.dll+0x83cd9c]  (no source info available)
V  [jvm.dll+0x3c0cc1]  (no source info available)
V  [jvm.dll+0x825d8c]  (no source info available)
V  [jvm.dll+0x45b9ee]  (no source info available)
V  [jvm.dll+0x45d871]  (no source info available)
C  [jli.dll+0x52a3]  (no source info available)
C  [ucrtbase.dll+0x37b0]  (no source info available)
C  [KERNEL32.DLL+0x2e8d7]  (no source info available)
C  [ntdll.dll+0x8d9c]  (no source info available)


---------------  P R O C E S S  ---------------

Threads class SMR info:
_java_thread_list=0x00007ffacd2ac1c8, length=0, elements={
}

Java Threads: ( => current thread )
Total: 0

Other Threads:
  0x000002916139d860 WorkerThread "GC Thread#0"                     [id=27724, stack(0x000000d720d00000,0x000000d720e00000) (1024K)]
  0x00000291613ae7c0 ConcurrentGCThread "G1 Main Marker"            [id=2632, stack(0x000000d720e00000,0x000000d720f00000) (1024K)]
  0x00000291613b08f0 WorkerThread "G1 Conc#0"                       [id=21984, stack(0x000000d720f00000,0x000000d721000000) (1024K)]

[error occurred during error reporting (printing all threads), id 0xc0000005, EXCEPTION_ACCESS_VIOLATION (0xc0000005) at pc=0x00007ffacc9ff2b7]
VM state: not at safepoint (not fully initialized)

VM Mutex/Monitor currently owned by a thread:  ([mutex/lock_event])
[0x00007ffacd32ccc8] Heap_lock - owner thread: 0x000002915ef7e740

Heap address: 0x0000000701a00000, size: 4070 MB, Compressed Oops mode: Zero based, Oop shift amount: 3

CDS archive(s) mapped at: [0x0000000000000000-0x0000000000000000-0x0000000000000000), size 0, SharedBaseAddress: 0x0000000800000000, ArchiveRelocationMode: 1.
Narrow klass base: 0x0000000000000000, Narrow klass shift: 0, Narrow klass range: 0x0

GC Precious Log:
 CardTable entry size: 512
 Card Set container configuration: InlinePtr #cards 4 size 8 Array Of Cards #cards 16 size 48 Howl #buckets 8 coarsen threshold 3686 Howl Bitmap #cards 512 size 80 coarsen threshold 460 Card regions per heap region 1 cards per card region 4096

Heap:
 garbage-first heap   total reserved 4167680K, committed 0K, used 0K [0x0000000701a00000, 0x0000000800000000)
  region size 2048K, 0 young (0K), 0 survivors (0K)

[error occurred during error reporting (printing heap information), id 0xc0000005, EXCEPTION_ACCESS_VIOLATION (0xc0000005) at pc=0x00007ffaccdfe4e9]
GC Heap History (0 events):
No events

Dll operation events (1 events):
Event: 0.051 Loaded shared library C:\Java\jdk-22\bin\java.dll

Deoptimization events (0 events):
No events

Classes loaded (0 events):
No events

Classes unloaded (0 events):
No events

Classes redefined (0 events):
No events

Internal exceptions (0 events):
No events

ZGC Phase Switch (0 events):
No events

VM Operations (0 events):
No events

Events (0 events):
No events


Dynamic libraries:
0x00007ff707480000 - 0x00007ff70748e000 	C:\Java\jdk-22\bin\java.exe
0x00007ffb2d7e0000 - 0x00007ffb2da49000 	C:\WINDOWS\SYSTEM32\ntdll.dll
0x00007ffb2c8a0000 - 0x00007ffb2c969000 	C:\WINDOWS\System32\KERNEL32.DLL
0x00007ffb2acd0000 - 0x00007ffb2b0c3000 	C:\WINDOWS\System32\KERNELBASE.dll
0x00007ffb2a970000 - 0x00007ffb2aabb000 	C:\WINDOWS\System32\ucrtbase.dll
0x00007ffb259b0000 - 0x00007ffb259c7000 	C:\Java\jdk-22\bin\jli.dll
0x00007ffb25a30000 - 0x00007ffb25a4b000 	C:\Java\jdk-22\bin\VCRUNTIME140.dll
0x00007ffb2d2e0000 - 0x00007ffb2d4a4000 	C:\WINDOWS\System32\USER32.dll
0x00007ffb17780000 - 0x00007ffb17a13000 	C:\WINDOWS\WinSxS\amd64_microsoft.windows.common-controls_6595b64144ccf1df_6.0.26100.5074_none_3e0d6f78e32fd63f\COMCTL32.dll
0x00007ffb2b2b0000 - 0x00007ffb2b2d7000 	C:\WINDOWS\System32\win32u.dll
0x00007ffb2d140000 - 0x00007ffb2d1e9000 	C:\WINDOWS\System32\msvcrt.dll
0x00007ffb2c090000 - 0x00007ffb2c0bb000 	C:\WINDOWS\System32\GDI32.dll
0x00007ffb2b0d0000 - 0x00007ffb2b1fd000 	C:\WINDOWS\System32\gdi32full.dll
0x00007ffb2b200000 - 0x00007ffb2b2a3000 	C:\WINDOWS\System32\msvcp_win.dll
0x00007ffb2d760000 - 0x00007ffb2d78f000 	C:\WINDOWS\System32\IMM32.DLL
0x00007ffb259a0000 - 0x00007ffb259ac000 	C:\Java\jdk-22\bin\vcruntime140_1.dll
0x00007ffb13cc0000 - 0x00007ffb13d4e000 	C:\Java\jdk-22\bin\msvcp140.dll
0x00007ffacc6c0000 - 0x00007ffacd408000 	C:\Java\jdk-22\bin\server\jvm.dll
0x00007ffb2d4b0000 - 0x00007ffb2d564000 	C:\WINDOWS\System32\ADVAPI32.dll
0x00007ffb2c6e0000 - 0x00007ffb2c786000 	C:\WINDOWS\System32\sechost.dll
0x00007ffb2c0c0000 - 0x00007ffb2c1d8000 	C:\WINDOWS\System32\RPCRT4.dll
0x00007ffb2d570000 - 0x00007ffb2d5e4000 	C:\WINDOWS\System32\WS2_32.dll
0x00007ffb2a7f0000 - 0x00007ffb2a84e000 	C:\WINDOWS\SYSTEM32\POWRPROF.dll
0x00007ffb1e530000 - 0x00007ffb1e53b000 	C:\WINDOWS\SYSTEM32\VERSION.dll
0x00007ffb1c570000 - 0x00007ffb1c5a5000 	C:\WINDOWS\SYSTEM32\WINMM.dll
0x00007ffb2a7d0000 - 0x00007ffb2a7e4000 	C:\WINDOWS\SYSTEM32\UMPDC.dll
0x00007ffb29710000 - 0x00007ffb2972b000 	C:\WINDOWS\SYSTEM32\kernel.appcore.dll
0x00007ffb25990000 - 0x00007ffb2599a000 	C:\Java\jdk-22\bin\jimage.dll
0x00007ffb17b80000 - 0x00007ffb17dc2000 	C:\WINDOWS\SYSTEM32\DBGHELP.DLL
0x00007ffb2bd10000 - 0x00007ffb2c08b000 	C:\WINDOWS\System32\combase.dll
0x00007ffb2c230000 - 0x00007ffb2c307000 	C:\WINDOWS\System32\OLEAUT32.dll
0x00007ffb16c10000 - 0x00007ffb16c4d000 	C:\WINDOWS\SYSTEM32\dbgcore.DLL
0x00007ffb2b2e0000 - 0x00007ffb2b379000 	C:\WINDOWS\System32\bcryptPrimitives.dll
0x00007ffb14aa0000 - 0x00007ffb14aaf000 	C:\Java\jdk-22\bin\instrument.dll
0x00007ffb25910000 - 0x00007ffb2592e000 	C:\Java\jdk-22\bin\java.dll
0x00007ffb2b5c0000 - 0x00007ffb2bd0d000 	C:\WINDOWS\System32\SHELL32.dll
0x00007ffb2b440000 - 0x00007ffb2b5ac000 	C:\WINDOWS\System32\wintypes.dll
0x00007ffb2cf40000 - 0x00007ffb2d0d8000 	C:\WINDOWS\System32\ole32.dll

dbghelp: loaded successfully - version: 4.0.5 - missing functions: none
symbol engine: initialized successfully - sym options: 0x614 - pdb path: .;C:\Java\jdk-22\bin;C:\WINDOWS\SYSTEM32;C:\WINDOWS\WinSxS\amd64_microsoft.windows.common-controls_6595b64144ccf1df_6.0.26100.5074_none_3e0d6f78e32fd63f;C:\Java\jdk-22\bin\server

VM Arguments:
jvm_args: -javaagent:C:\Program Files\JetBrains\IntelliJ IDEA Community Edition 2025.2.1\lib\idea_rt.jar=59937 -Dfile.encoding=UTF-8 -Dsun.stdout.encoding=UTF-8 -Dsun.stderr.encoding=UTF-8 
java_command: com.javanauta.bffagendadortarefas.BffAgendadorTarefasApplication
java_class_path (initial): C:\Users\Gregory de Souza\Desktop\projetos\cursoJava\bff-agendador-tarefas\target\classes;C:\Users\Gregory de Souza\.m2\repository\org\springframework\boot\spring-boot-starter-web\3.5.6\spring-boot-starter-web-3.5.6.jar;C:\Users\Gregory de Souza\.m2\repository\org\springframework\boot\spring-boot-starter\3.5.6\spring-boot-starter-3.5.6.jar;C:\Users\Gregory de Souza\.m2\repository\org\springframework\boot\spring-boot\3.5.6\spring-boot-3.5.6.jar;C:\Users\Gregory de Souza\.m2\repository\org\springframework\boot\spring-boot-autoconfigure\3.5.6\spring-boot-autoconfigure-3.5.6.jar;C:\Users\Gregory de Souza\.m2\repository\org\springframework\boot\spring-boot-starter-logging\3.5.6\spring-boot-starter-logging-3.5.6.jar;C:\Users\Gregory de Souza\.m2\repository\ch\qos\logback\logback-classic\1.5.18\logback-classic-1.5.18.jar;C:\Users\Gregory de Souza\.m2\repository\ch\qos\logback\logback-core\1.5.18\logback-core-1.5.18.jar;C:\Users\Gregory de Souza\.m2\repository\org\apache\logging\log4j\log4j-to-slf4j\2.24.3\log4j-to-slf4j-2.24.3.jar;C:\Users\Gregory de Souza\.m2\repository\org\apache\logging\log4j\log4j-api\2.24.3\log4j-api-2.24.3.jar;C:\Users\Gregory de Souza\.m2\repository\org\slf4j\jul-to-slf4j\2.0.17\jul-to-slf4j-2.0.17.jar;C:\Users\Gregory de Souza\.m2\repository\jakarta\annotation\jakarta.annotation-api\2.1.1\jakarta.annotation-api-2.1.1.jar;C:\Users\Gregory de Souza\.m2\repository\org\yaml\snakeyaml\2.4\snakeyaml-2.4.jar;C:\Users\Gregory de Souza\.m2\repository\org\springframework\boot\spring-boot-starter-json\3.5.6\spring-boot-starter-json-3.5.6.jar;C:\Users\Gregory de Souza\.m2\repository\com\fasterxml\jackson\core\jackson-databind\2.19.2\jackson-databind-2.19.2.jar;C:\Users\Gregory de Souza\.m2\repository\com\fasterxml\jackson\core\jackson-annotations\2.19.2\jackson-annotations-2.19.2.jar;C:\Users\Gregory de Souza\.m2\repository\com\fasterxml\jackson\core\jackson-core\2.19.2\jackson-core-2.19.2.jar;C:\Users\Gregory de Souza\.m2\repository\com\fasterxml\jackson\datatype\jackson-datatype-jdk8\2.19.2\jackson-datatype-jdk8-2.19.2.jar;C:\Users\Gregory de Souza\.m2\repository\com\fasterxml\jackson\datatype\jackson-datatype-jsr310\2.19.2\jackson-datatype-jsr310-2.19.2.jar;C:\Users\Gregory de Souza\.m2\repository\com\fasterxml\jackson\module\jackson-module-parameter-names\2.19.2\jackson-module-parameter-names-2.19.2.jar;C:\Users\Gregory de Souza\.m2\repository\org\springframework\boot\spring-boot-starter-tomcat\3.5.6\spring-boot-starter-tomcat-3.5.6.jar;C:\Users\Gregory de Souza\.m2\repository\org\apache\tomcat\embed\tomcat-embed-core\10.1.46\tomcat-embed-core-10.1.46.jar;C:\Users\Gregory de Souza\.m2\repository\org\apache\tomcat\embed\tomcat-embed-el\10.1.46\tomcat-embed-el-10.1.46.jar;C:\Users\Gregory de Souza\.m2\repository\org\apache\tomcat\embed\tomcat-embed-websocket\10.1.46\tomcat-embed-websocket-10.1.46.jar;C:\Users\Gregory de Souza\.m2\repository\org\springframework\spring-web\6.2.11\spring-web-6.2.11.jar;C:\Users\Gregory de Souza\.m2\repository\org\springframework\spring-beans\6.2.11\spring-beans-6.2.11.jar;C:\Users\Gregory de Souza\.m2\repository\io\micrometer\micrometer-observation\1.15.4\micrometer-observation-1.15.4.jar;C:\Users\Gregory de Souza\.m2\repository\io\micrometer\micrometer-commons\1.15.4\micrometer-commons-1.15.4.jar;C:\Users\Gregory de Souza\.m2\repository\org\springframework\spring-webmvc\6.2.11\spring-webmvc-6.2.11.jar;C:\Users\Gregory de Souza\.m2\repository\org\springframework\spring-aop\6.2.11\spring-aop-6.2.11.jar;C:\Users\Gregory de Souza\.m2\repository\org\springframework\spring-context\6.2.11\spring-context-6.2.11.jar;C:\Users\Gregory de Souza\.m2\repository\org\springframework\spring-expression\6.2.11\spring-expression-6.2.11.jar;C:\Users\Gregory de Souza\.m2\repository\org\springframework\cloud\spring-cloud-starter-openfeign\4.3.0\spring-cloud-starter-openfeign-4.3.0.jar;C:\Users\Gregory de Souza\.m2\repository\org\springframework\cloud\spring-cloud-starter\4.3.0\spring-cloud-starter-4.3.0.jar;C:\Users\Gregory de Souza\.m2\repository\org\springframework\cloud\spring-cloud-context\4.3.0\spring-cloud-context-4.3.0.jar;C:\Users\Gregory de Souza\.m2\repository\org\bouncycastle\bcprov-jdk18on\1.80\bcprov-jdk18on-1.80.jar;C:\Users\Gregory de Souza\.m2\repository\org\springframework\cloud\spring-cloud-openfeign-core\4.3.0\spring-cloud-openfeign-core-4.3.0.jar;C:\Users\Gregory de Souza\.m2\repository\io\github\openfeign\feign-form-spring\13.6\feign-form-spring-13.6.jar;C:\Users\Gregory de Souza\.m2\repository\org\apache\commons\commons-text\1.13.0\commons-text-1.13.0.jar;C:\Users\Gregory de Souza\.m2\repository\org\apache\commons\commons-lang3\3.17.0\commons-lang3-3.17.0.jar;C:\Users\Gregory de Souza\.m2\repository\io\github\openfeign\feign-form\13.6\feign-form-13.6.jar;C:\Users\Gregory de Souza\.m2\repository\commons-fileupload\commons-fileupload\1.5\commons-fileupload-1.5.jar;C:\Users\Gregory de Souza\.m2\repository\org\springframework\cloud\spring-cloud-commons\4.3.0\spring-cloud-commons-4.3.0.jar;C:\Users\Gregory de Souza\.m2\repository\org\springframework\security\spring-security-crypto\6.5.5\spring-security-crypto-6.5.5.jar;C:\Users\Gregory de Souza\.m2\repository\io\github\openfeign\feign-core\13.6\feign-core-13.6.jar;C:\Users\Gregory de Souza\.m2\repository\io\github\openfeign\feign-slf4j\13.6\feign-slf4j-13.6.jar;C:\Users\Gregory de Souza\.m2\repository\org\slf4j\slf4j-api\2.0.17\slf4j-api-2.0.17.jar;C:\Users\Gregory de Souza\.m2\repository\io\github\openfeign\feign-hc5\13.3\feign-hc5-13.3.jar;C:\Users\Gregory de Souza\.m2\repository\org\apache\httpcomponents\client5\httpclient5\5.5\httpclient5-5.5.jar;C:\Users\Gregory de Souza\.m2\repository\org\apache\httpcomponents\core5\httpcore5\5.3.5\httpcore5-5.3.5.jar;C:\Users\Gregory de Souza\.m2\repository\org\apache\httpcomponents\core5\httpcore5-h2\5.3.5\httpcore5-h2-5.3.5.jar;C:\Users\Gregory de Souza\.m2\repository\org\projectlombok\lombok\1.18.40\lombok-1.18.40.jar;C:\Users\Gregory de Souza\.m2\repository\jakarta\xml\bind\jakarta.xml.bind-api\4.0.2\jakarta.xml.bind-api-4.0.2.jar;C:\Users\Gregory de Souza\.m2\repository\jakarta\activation\jakarta.activation-api\2.1.4\jakarta.activation-api-2.1.4.jar;C:\Users\Gregory de Souza\.m2\repository\org\springframework\spring-core\6.2.11\spring-core-6.2.11.jar;C:\Users\Gregory de Souza\.m2\repository\org\springframework\spring-jcl\6.2.11\spring-jcl-6.2.11.jar;C:\Users\Gregory de Souza\.m2\repository\org\springdoc\springdoc-openapi-starter-webmvc-ui\2.6.0\springdoc-openapi-starter-webmvc-ui-2.6.0.jar;C:\Users\Gregory de Souza\.m2\repository\org\springdoc\springdoc-openapi-starter-webmvc-api\2.6.0\springdoc-openapi-starter-webmvc-api-2.6.0.jar;C:\Users\Gregory de Souza\.m2\repository\org\springdoc\springdoc-openapi-starter-common\2.6.0\springdoc-openapi-starter-common-2.6.0.jar;C:\Users\Gregory de Souza\.m2\repository\io\swagger\core\v3\swagger-core-jakarta\2.2.22\swagger-core-jakarta-2.2.22.jar;C:\Users\Gregory de Souza\.m2\repository\io\swagger\core\v3\swagger-annotations-jakarta\2.2.22\swagger-annotations-jakarta-2.2.22.jar;C:\Users\Gregory de Souza\.m2\repository\io\swagger\core\v3\swagger-models-jakarta\2.2.22\swagger-models-jakarta-2.2.22.jar;C:\Users\Gregory de Souza\.m2\repository\jakarta\validation\jakarta.validation-api\3.0.2\jakarta.validation-api-3.0.2.jar;C:\Users\Gregory de Souza\.m2\repository\com\fasterxml\jackson\dataformat\jackson-dataformat-yaml\2.19.2\jackson-dataformat-yaml-2.19.2.jar;C:\Users\Gregory de Souza\.m2\repository\org\webjars\swagger-ui\5.17.14\swagger-ui-5.17.14.jar
Launcher Type: SUN_STANDARD

[Global flags]
     intx CICompilerCount                          = 4                                         {product} {ergonomic}
     uint ConcGCThreads                            = 3                                         {product} {ergonomic}
     uint G1ConcRefinementThreads                  = 10                                        {product} {ergonomic}
   size_t G1HeapRegionSize                         = 2097152                                   {product} {ergonomic}
   size_t InitialHeapSize                          = 268435456                                 {product} {ergonomic}
   size_t MarkStackSize                            = 4194304                                   {product} {ergonomic}
   size_t MaxHeapSize                              = 4267704320                                {product} {ergonomic}
   size_t MinHeapDeltaBytes                        = 2097152                                   {product} {ergonomic}
   size_t MinHeapSize                              = 8388608                                   {product} {ergonomic}
    uintx NonNMethodCodeHeapSize                   = 5839372                                {pd product} {ergonomic}
    uintx NonProfiledCodeHeapSize                  = 122909434                              {pd product} {ergonomic}
    uintx ProfiledCodeHeapSize                     = 122909434                              {pd product} {ergonomic}
    uintx ReservedCodeCacheSize                    = 251658240                              {pd product} {ergonomic}
     bool SegmentedCodeCache                       = true                                      {product} {ergonomic}
   size_t SoftMaxHeapSize                          = 4267704320                             {manageable} {ergonomic}
     bool UseCompressedOops                        = true                           {product lp64_product} {ergonomic}
     bool UseG1GC                                  = true                                      {product} {ergonomic}
     bool UseLargePagesIndividualAllocation        = false                                  {pd product} {ergonomic}

Logging:
Log output configuration:
 #0: stdout all=warning uptime,level,tags foldmultilines=false
 #1: stderr all=off uptime,level,tags foldmultilines=false

Environment Variables:
JAVA_HOME=C:\Program Files\Java\zulu17.60.17-ca-jdk17.0.16-win_x64
PATH=C:\Program Files\Java\zulu17.60.17-ca-jdk17.0.16-win_x64\bin;C:\apache-maven-3.9.11\bin;c:\Users\Gregory de Souza\AppData\Local\Programs\cursor\resources\app\bin;C:\Program Files\dotnet\;C:\Program Files (86)\dotnet\;C:\WINDOWS\system32;C:\WINDOWS;C:\WINDOWS\System32\Wbem;C:\WINDOWS\System32\WindowsPowerShell\v1.0\;C:\WINDOWS\System32\OpenSSH\;C:\Program Files\Git\cmd;C:\Program Files\PostgreSQL\15\bin;C:\xampp2\mysql\bin\;C:\Program Files\Maven\bin;C:\Users\Gregory de Souza\AppData\Local\Microsoft\WindowsApps;C:\Program Files\JetBrains\IntelliJ IDEA Community;c:\Users\Gregory de Souza\AppData\Local\Programs\cursor\resources\app\bin;C:\SQLite;C:\Program Files\Docker\Docker\resources\bin;C:\Program Files\nodejs\;C:\Program Files\OpenSSL-Win64\bin;C:\MinGW\bin;C:\Program Files\cursor\resources\app\bin;C:\Users\Gregory de Souza\AppData\Local\Microsoft\WindowsApps;C:\Users\Gregory de Souza\AppData\Local\Programs\Microsoft VS Code\bin;C:\Program Files\dotnet\;C:\Program Files\heroku\bin;C:\Program Files\JetBrains\PyCharm Community Edition 2023.1.1\bin;C:\Program Files\JetBrains\IntelliJ IDEA Community Edition 2023.1.2\bin;C:\Program Files\JetBrains\IntelliJ IDEA 2023.3.4\bin;C:\Users\Gregory de Souza\.dotnet\tools;C:\Users\Gregory de Souza\AppData\Local\Microsoft\WindowsApps;C:\Users\Gregory de Souza\.dotnet\tools;C:\Users\Gregory de Souza\AppData\Roaming\npm;C:\MinGW\bin
USERNAME=Gregory
OS=Windows_NT
PROCESSOR_IDENTIFIER=Intel64 Family 6 Model 165 Stepping 3, GenuineIntel
TMP=C:\Users\GREGOR~1\AppData\Local\Temp
TEMP=C:\Users\GREGOR~1\AppData\Local\Temp




Periodic native trim disabled

---------------  S Y S T E M  ---------------

OS:
 Windows 11 , 64 bit Build 26100 (10.0.26100.5074)
OS uptime: 1 days 3:59 hours
Hyper-V role detected

CPU: total 12 (initial active 12) (6 cores per cpu, 2 threads per core) family 6 model 165 stepping 3 microcode 0xe0, cx8, cmov, fxsr, ht, mmx, 3dnowpref, sse, sse2, sse3, ssse3, sse4.1, sse4.2, popcnt, lzcnt, tsc, tscinvbit, avx, avx2, aes, erms, clmul, bmi1, bmi2, adx, fma, vzeroupper, clflush, clflushopt, hv, rdtscp, f16c
Processor Information for all 12 processors :
  Max Mhz: 2904, Current Mhz: 2904, Mhz Limit: 2904

Memory: 4k page, system-wide physical 16279M (1697M free)
TotalPageFile size 28685M (AvailPageFile size 242M)
current process WorkingSet (physical memory assigned to process): 13M, peak: 13M
current process commit charge ("private bytes"): 65M, peak: 320M

vm_info: OpenJDK 64-Bit Server VM (22+36-2370) for windows-amd64 JRE (22+36-2370), built on 2024-02-15T22:15:19Z by "mach5one" with MS VC++ 17.6 (VS2022)

END.
