#
# There is insufficient memory for the Java Runtime Environment to continue.
# Native memory allocation (malloc) failed to allocate 1180448 bytes. Error detail: Chunk::new
# Possible reasons:
#   The system is out of physical RAM or swap space
#   This process is running with CompressedOops enabled, and the Java Heap may be blocking the growth of the native heap
# Possible solutions:
#   Reduce memory load on the system
#   Increase physical memory or swap space
#   Check if swap backing store is full
#   Decrease Java heap size (-Xmx/-Xms)
#   Decrease number of Java threads
#   Decrease Java thread stack sizes (-Xss)
#   Set larger code cache with -XX:ReservedCodeCacheSize=
#   JVM is running with Zero Based Compressed Oops mode in which the Java heap is
#     placed in the first 32GB address space. The Java Heap base address is the
#     maximum limit for the native heap growth. Please use -XX:HeapBaseMinAddress
#     to set the Java Heap base and to place the Java Heap above 32GB virtual address.
# This output file may be truncated or incomplete.
#
#  Out of Memory Error (arena.cpp:191), pid=26272, tid=27728
#
# JRE version: OpenJDK Runtime Environment Zulu17.60+17-CA (17.0.16+8) (build 17.0.16+8-LTS)
# Java VM: OpenJDK 64-Bit Server VM Zulu17.60+17-CA (17.0.16+8-LTS, mixed mode, sharing, tiered, compressed oops, compressed class ptrs, g1 gc, windows-amd64)
# No core dump will be written. Minidumps are not enabled by default on client versions of Windows
#

---------------  S U M M A R Y ------------

Command Line: --enable-native-access=ALL-UNNAMED -Dclassworlds.conf=C:\apache-maven-3.9.11\bin\m2.conf -Dmaven.home=C:\apache-maven-3.9.11 -Dlibrary.jansi.path=C:\apache-maven-3.9.11\lib\jansi-native -Dmaven.multiModuleProjectDirectory=C:\Users\Gregory de Souza\Desktop\projetos\cursoJava\bff-agendador-tarefas org.codehaus.plexus.classworlds.launcher.Launcher clean install

Host: Intel(R) Core(TM) i5-10400 CPU @ 2.90GHz, 12 cores, 15G,  Windows 11 , 64 bit Build 26100 (10.0.26100.5074)
Time: Wed Oct  1 08:48:10 2025 Hora oficial do Brasil elapsed time: 9.513999 seconds (0d 0h 0m 9s)

---------------  T H R E A D  ---------------

Current thread (0x000002b7e24bc210):  JavaThread "C2 CompilerThread1" daemon [_thread_in_native, id=27728, stack(0x000000fcec500000,0x000000fcec600000)]


Current CompileTask:
C2:   9514 4450       4       org.codehaus.plexus.interpolation.PrefixedValueSourceWrapper::getValue (39 bytes)

Stack: [0x000000fcec500000,0x000000fcec600000]
Native frames: (J=compiled Java code, j=interpreted, Vv=VM code, C=native code)
V  [jvm.dll+0x685c99]
V  [jvm.dll+0x83d9ba]
V  [jvm.dll+0x83f47e]
V  [jvm.dll+0x83fae3]
V  [jvm.dll+0x24c67f]
V  [jvm.dll+0xaca34]
V  [jvm.dll+0xad07c]
V  [jvm.dll+0x36c507]
V  [jvm.dll+0x1bd936]
V  [jvm.dll+0x21b359]
V  [jvm.dll+0x21a641]
V  [jvm.dll+0x1a603d]
V  [jvm.dll+0x22a38e]
V  [jvm.dll+0x22853c]
V  [jvm.dll+0x7f2917]
V  [jvm.dll+0x7ece2c]
V  [jvm.dll+0x684b67]
C  [ucrtbase.dll+0x37b0]
C  [KERNEL32.DLL+0x2e8d7]
C  [ntdll.dll+0x8d9c]


---------------  P R O C E S S  ---------------

Threads class SMR info:
_java_thread_list=0x000002b7e2fbb780, length=15, elements={
0x000002b7f8e2a3f0, 0x000002b7ff86d820, 0x000002b7ff86e2f0, 0x000002b79cb6b6f0,
0x000002b79cb740e0, 0x000002b79cb74aa0, 0x000002b79cb75460, 0x000002b79cb78160,
0x000002b79cb78b60, 0x000002b79cb7c2b0, 0x000002b79ccb6500, 0x000002b79ccd69f0,
0x000002b7e24bc210, 0x000002b7e2812ad0, 0x000002b7e24bb220
}

Java Threads: ( => current thread )
  0x000002b7f8e2a3f0 JavaThread "main" [_thread_in_vm, id=10304, stack(0x000000fceb200000,0x000000fceb300000)]
  0x000002b7ff86d820 JavaThread "Reference Handler" daemon [_thread_blocked, id=26896, stack(0x000000fceb900000,0x000000fceba00000)]
  0x000002b7ff86e2f0 JavaThread "Finalizer" daemon [_thread_blocked, id=19316, stack(0x000000fceba00000,0x000000fcebb00000)]
  0x000002b79cb6b6f0 JavaThread "Signal Dispatcher" daemon [_thread_blocked, id=22804, stack(0x000000fcebb00000,0x000000fcebc00000)]
  0x000002b79cb740e0 JavaThread "Attach Listener" daemon [_thread_blocked, id=9572, stack(0x000000fcebc00000,0x000000fcebd00000)]
  0x000002b79cb74aa0 JavaThread "Service Thread" daemon [_thread_blocked, id=22628, stack(0x000000fcebd00000,0x000000fcebe00000)]
  0x000002b79cb75460 JavaThread "Monitor Deflation Thread" daemon [_thread_blocked, id=23928, stack(0x000000fcebe00000,0x000000fcebf00000)]
  0x000002b79cb78160 JavaThread "C2 CompilerThread0" daemon [_thread_in_native, id=25148, stack(0x000000fcebf00000,0x000000fcec000000)]
  0x000002b79cb78b60 JavaThread "C1 CompilerThread0" daemon [_thread_in_native, id=8232, stack(0x000000fcec000000,0x000000fcec100000)]
  0x000002b79cb7c2b0 JavaThread "Sweeper thread" daemon [_thread_blocked, id=27500, stack(0x000000fcec100000,0x000000fcec200000)]
  0x000002b79ccb6500 JavaThread "Notification Thread" daemon [_thread_blocked, id=3332, stack(0x000000fcec200000,0x000000fcec300000)]
  0x000002b79ccd69f0 JavaThread "Common-Cleaner" daemon [_thread_blocked, id=10392, stack(0x000000fcec400000,0x000000fcec500000)]
=>0x000002b7e24bc210 JavaThread "C2 CompilerThread1" daemon [_thread_in_native, id=27728, stack(0x000000fcec500000,0x000000fcec600000)]
  0x000002b7e2812ad0 JavaThread "Thread-1" daemon [_thread_blocked, id=27556, stack(0x000000fcec600000,0x000000fcec700000)]
  0x000002b7e24bb220 JavaThread "C2 CompilerThread2" daemon [_thread_in_native, id=25980, stack(0x000000fcecf00000,0x000000fced000000)]

Other Threads:
  0x000002b7ff86a110 VMThread "VM Thread" [stack: 0x000000fceb800000,0x000000fceb900000] [id=6936]
  0x000002b79ccbae00 WatcherThread [stack: 0x000000fcec300000,0x000000fcec400000] [id=21052]
  0x000002b7f8e995f0 GCTaskThread "GC Thread#0" [stack: 0x000000fceb300000,0x000000fceb400000] [id=23792]
  0x000002b7e25ea080 GCTaskThread "GC Thread#1" [stack: 0x000000fcec700000,0x000000fcec800000] [id=28044]
  0x000002b79cdcff30 GCTaskThread "GC Thread#2" [stack: 0x000000fcec800000,0x000000fcec900000] [id=23956]
  0x000002b7e29bdfb0 GCTaskThread "GC Thread#3" [stack: 0x000000fcec900000,0x000000fceca00000] [id=27600]
  0x000002b7e29b89e0 GCTaskThread "GC Thread#4" [stack: 0x000000fceca00000,0x000000fcecb00000] [id=26684]
  0x000002b7e29b8cb0 GCTaskThread "GC Thread#5" [stack: 0x000000fcecb00000,0x000000fcecc00000] [id=27832]
  0x000002b7e2ace360 GCTaskThread "GC Thread#6" [stack: 0x000000fcecc00000,0x000000fcecd00000] [id=25892]
  0x000002b7e2acf9e0 GCTaskThread "GC Thread#7" [stack: 0x000000fcecd00000,0x000000fcece00000] [id=19684]
  0x000002b7e2ace630 GCTaskThread "GC Thread#8" [stack: 0x000000fcece00000,0x000000fcecf00000] [id=24896]
  0x000002b7e2aceea0 GCTaskThread "GC Thread#9" [stack: 0x000000fced000000,0x000000fced100000] [id=25352]
  0x000002b7f8eaa3a0 ConcurrentGCThread "G1 Main Marker" [stack: 0x000000fceb400000,0x000000fceb500000] [id=25308]
  0x000002b7f8eacaa0 ConcurrentGCThread "G1 Conc#0" [stack: 0x000000fceb500000,0x000000fceb600000] [id=12220]
  0x000002b7ff71e630 ConcurrentGCThread "G1 Refine#0" [stack: 0x000000fceb600000,0x000000fceb700000] [id=27812]
  0x000002b7ff721080 ConcurrentGCThread "G1 Service" [stack: 0x000000fceb700000,0x000000fceb800000] [id=12920]

Threads with active compile tasks:
C2 CompilerThread0     9541 4465       4       org.codehaus.plexus.util.xml.Xpp3DomBuilder::build (413 bytes)
C2 CompilerThread1     9541 4450       4       org.codehaus.plexus.interpolation.PrefixedValueSourceWrapper::getValue (39 bytes)
C2 CompilerThread2     9541 4461       4       org.codehaus.plexus.interpolation.reflection.ReflectionValueExtractor::evaluate (242 bytes)

VM state: not at safepoint (normal execution)

VM Mutex/Monitor currently owned by a thread: None

Heap address: 0x0000000701a00000, size: 4070 MB, Compressed Oops mode: Zero based, Oop shift amount: 3

CDS archive(s) mapped at: [0x000002b79d000000-0x000002b79dbe0000-0x000002b79dbe0000), size 12451840, SharedBaseAddress: 0x000002b79d000000, ArchiveRelocationMode: 1.
Compressed class space mapped at: 0x000002b79e000000-0x000002b7de000000, reserved size: 1073741824
Narrow klass base: 0x000002b79d000000, Narrow klass shift: 0, Narrow klass range: 0x100000000

GC Precious Log:
 CPUs: 12 total, 12 available
 Memory: 16279M
 Large Page Support: Disabled
 NUMA Support: Disabled
 Compressed Oops: Enabled (Zero based)
 Heap Region Size: 2M
 Heap Min Capacity: 8M
 Heap Initial Capacity: 256M
 Heap Max Capacity: 4070M
 Pre-touch: Disabled
 Parallel Workers: 10
 Concurrent Workers: 3
 Concurrent Refinement Workers: 10
 Periodic GC: Disabled

Heap:
 garbage-first heap   total 262144K, used 23030K [0x0000000701a00000, 0x0000000800000000)
  region size 2048K, 11 young (22528K), 7 survivors (14336K)
 Metaspace       used 19321K, committed 19584K, reserved 1114112K
  class space    used 2245K, committed 2368K, reserved 1048576K

Heap Regions: E=young(eden), S=young(survivor), O=old, HS=humongous(starts), HC=humongous(continues), CS=collection set, F=free, OA=open archive, CA=closed archive, TAMS=top-at-mark-start (previous, next)
|   0|0x0000000701a00000, 0x0000000701c00000, 0x0000000701c00000|100%| O|  |TAMS 0x0000000701a00000, 0x0000000701a00000| Untracked 
|   1|0x0000000701c00000, 0x0000000701d60a00, 0x0000000701e00000| 68%| O|  |TAMS 0x0000000701c00000, 0x0000000701c00000| Untracked 
|   2|0x0000000701e00000, 0x0000000701e00000, 0x0000000702000000|  0%| F|  |TAMS 0x0000000701e00000, 0x0000000701e00000| Untracked 
|   3|0x0000000702000000, 0x0000000702000000, 0x0000000702200000|  0%| F|  |TAMS 0x0000000702000000, 0x0000000702000000| Untracked 
|   4|0x0000000702200000, 0x0000000702200000, 0x0000000702400000|  0%| F|  |TAMS 0x0000000702200000, 0x0000000702200000| Untracked 
|   5|0x0000000702400000, 0x0000000702400000, 0x0000000702600000|  0%| F|  |TAMS 0x0000000702400000, 0x0000000702400000| Untracked 
|   6|0x0000000702600000, 0x0000000702600000, 0x0000000702800000|  0%| F|  |TAMS 0x0000000702600000, 0x0000000702600000| Untracked 
|   7|0x0000000702800000, 0x0000000702800000, 0x0000000702a00000|  0%| F|  |TAMS 0x0000000702800000, 0x0000000702800000| Untracked 
|   8|0x0000000702a00000, 0x0000000702a00000, 0x0000000702c00000|  0%| F|  |TAMS 0x0000000702a00000, 0x0000000702a00000| Untracked 
|   9|0x0000000702c00000, 0x0000000702c00000, 0x0000000702e00000|  0%| F|  |TAMS 0x0000000702c00000, 0x0000000702c00000| Untracked 
|  10|0x0000000702e00000, 0x0000000702e00000, 0x0000000703000000|  0%| F|  |TAMS 0x0000000702e00000, 0x0000000702e00000| Untracked 
|  11|0x0000000703000000, 0x0000000703000000, 0x0000000703200000|  0%| F|  |TAMS 0x0000000703000000, 0x0000000703000000| Untracked 
|  12|0x0000000703200000, 0x0000000703200000, 0x0000000703400000|  0%| F|  |TAMS 0x0000000703200000, 0x0000000703200000| Untracked 
|  13|0x0000000703400000, 0x0000000703400000, 0x0000000703600000|  0%| F|  |TAMS 0x0000000703400000, 0x0000000703400000| Untracked 
|  14|0x0000000703600000, 0x0000000703600000, 0x0000000703800000|  0%| F|  |TAMS 0x0000000703600000, 0x0000000703600000| Untracked 
|  15|0x0000000703800000, 0x0000000703800000, 0x0000000703a00000|  0%| F|  |TAMS 0x0000000703800000, 0x0000000703800000| Untracked 
|  16|0x0000000703a00000, 0x0000000703a00000, 0x0000000703c00000|  0%| F|  |TAMS 0x0000000703a00000, 0x0000000703a00000| Untracked 
|  17|0x0000000703c00000, 0x0000000703c00000, 0x0000000703e00000|  0%| F|  |TAMS 0x0000000703c00000, 0x0000000703c00000| Untracked 
|  18|0x0000000703e00000, 0x0000000703e00000, 0x0000000704000000|  0%| F|  |TAMS 0x0000000703e00000, 0x0000000703e00000| Untracked 
|  19|0x0000000704000000, 0x0000000704000000, 0x0000000704200000|  0%| F|  |TAMS 0x0000000704000000, 0x0000000704000000| Untracked 
|  20|0x0000000704200000, 0x0000000704200000, 0x0000000704400000|  0%| F|  |TAMS 0x0000000704200000, 0x0000000704200000| Untracked 
|  21|0x0000000704400000, 0x0000000704400000, 0x0000000704600000|  0%| F|  |TAMS 0x0000000704400000, 0x0000000704400000| Untracked 
|  22|0x0000000704600000, 0x0000000704600000, 0x0000000704800000|  0%| F|  |TAMS 0x0000000704600000, 0x0000000704600000| Untracked 
|  23|0x0000000704800000, 0x0000000704800000, 0x0000000704a00000|  0%| F|  |TAMS 0x0000000704800000, 0x0000000704800000| Untracked 
|  24|0x0000000704a00000, 0x0000000704a00000, 0x0000000704c00000|  0%| F|  |TAMS 0x0000000704a00000, 0x0000000704a00000| Untracked 
|  25|0x0000000704c00000, 0x0000000704c00000, 0x0000000704e00000|  0%| F|  |TAMS 0x0000000704c00000, 0x0000000704c00000| Untracked 
|  26|0x0000000704e00000, 0x0000000704e00000, 0x0000000705000000|  0%| F|  |TAMS 0x0000000704e00000, 0x0000000704e00000| Untracked 
|  27|0x0000000705000000, 0x0000000705000000, 0x0000000705200000|  0%| F|  |TAMS 0x0000000705000000, 0x0000000705000000| Untracked 
|  28|0x0000000705200000, 0x0000000705200000, 0x0000000705400000|  0%| F|  |TAMS 0x0000000705200000, 0x0000000705200000| Untracked 
|  29|0x0000000705400000, 0x0000000705400000, 0x0000000705600000|  0%| F|  |TAMS 0x0000000705400000, 0x0000000705400000| Untracked 
|  30|0x0000000705600000, 0x0000000705600000, 0x0000000705800000|  0%| F|  |TAMS 0x0000000705600000, 0x0000000705600000| Untracked 
|  31|0x0000000705800000, 0x0000000705800000, 0x0000000705a00000|  0%| F|  |TAMS 0x0000000705800000, 0x0000000705800000| Untracked 
|  32|0x0000000705a00000, 0x0000000705a00000, 0x0000000705c00000|  0%| F|  |TAMS 0x0000000705a00000, 0x0000000705a00000| Untracked 
|  33|0x0000000705c00000, 0x0000000705c00000, 0x0000000705e00000|  0%| F|  |TAMS 0x0000000705c00000, 0x0000000705c00000| Untracked 
|  34|0x0000000705e00000, 0x0000000705e00000, 0x0000000706000000|  0%| F|  |TAMS 0x0000000705e00000, 0x0000000705e00000| Untracked 
|  35|0x0000000706000000, 0x0000000706000000, 0x0000000706200000|  0%| F|  |TAMS 0x0000000706000000, 0x0000000706000000| Untracked 
|  36|0x0000000706200000, 0x0000000706200000, 0x0000000706400000|  0%| F|  |TAMS 0x0000000706200000, 0x0000000706200000| Untracked 
|  37|0x0000000706400000, 0x0000000706400000, 0x0000000706600000|  0%| F|  |TAMS 0x0000000706400000, 0x0000000706400000| Untracked 
|  38|0x0000000706600000, 0x0000000706600000, 0x0000000706800000|  0%| F|  |TAMS 0x0000000706600000, 0x0000000706600000| Untracked 
|  39|0x0000000706800000, 0x0000000706800000, 0x0000000706a00000|  0%| F|  |TAMS 0x0000000706800000, 0x0000000706800000| Untracked 
|  40|0x0000000706a00000, 0x0000000706a00000, 0x0000000706c00000|  0%| F|  |TAMS 0x0000000706a00000, 0x0000000706a00000| Untracked 
|  41|0x0000000706c00000, 0x0000000706c00000, 0x0000000706e00000|  0%| F|  |TAMS 0x0000000706c00000, 0x0000000706c00000| Untracked 
|  42|0x0000000706e00000, 0x0000000706e00000, 0x0000000707000000|  0%| F|  |TAMS 0x0000000706e00000, 0x0000000706e00000| Untracked 
|  43|0x0000000707000000, 0x0000000707000000, 0x0000000707200000|  0%| F|  |TAMS 0x0000000707000000, 0x0000000707000000| Untracked 
|  44|0x0000000707200000, 0x0000000707200000, 0x0000000707400000|  0%| F|  |TAMS 0x0000000707200000, 0x0000000707200000| Untracked 
|  45|0x0000000707400000, 0x000000070751cfe8, 0x0000000707600000| 55%| S|CS|TAMS 0x0000000707400000, 0x0000000707400000| Complete 
|  46|0x0000000707600000, 0x0000000707800000, 0x0000000707800000|100%| S|CS|TAMS 0x0000000707600000, 0x0000000707600000| Complete 
|  47|0x0000000707800000, 0x0000000707a00000, 0x0000000707a00000|100%| S|CS|TAMS 0x0000000707800000, 0x0000000707800000| Complete 
|  48|0x0000000707a00000, 0x0000000707c00000, 0x0000000707c00000|100%| S|CS|TAMS 0x0000000707a00000, 0x0000000707a00000| Complete 
|  49|0x0000000707c00000, 0x0000000707e00000, 0x0000000707e00000|100%| S|CS|TAMS 0x0000000707c00000, 0x0000000707c00000| Complete 
|  50|0x0000000707e00000, 0x0000000708000000, 0x0000000708000000|100%| S|CS|TAMS 0x0000000707e00000, 0x0000000707e00000| Complete 
|  51|0x0000000708000000, 0x0000000708200000, 0x0000000708200000|100%| S|CS|TAMS 0x0000000708000000, 0x0000000708000000| Complete 
|  52|0x0000000708200000, 0x0000000708200000, 0x0000000708400000|  0%| F|  |TAMS 0x0000000708200000, 0x0000000708200000| Untracked 
|  53|0x0000000708400000, 0x0000000708400000, 0x0000000708600000|  0%| F|  |TAMS 0x0000000708400000, 0x0000000708400000| Untracked 
|  54|0x0000000708600000, 0x0000000708600000, 0x0000000708800000|  0%| F|  |TAMS 0x0000000708600000, 0x0000000708600000| Untracked 
|  55|0x0000000708800000, 0x0000000708800000, 0x0000000708a00000|  0%| F|  |TAMS 0x0000000708800000, 0x0000000708800000| Untracked 
|  56|0x0000000708a00000, 0x0000000708a00000, 0x0000000708c00000|  0%| F|  |TAMS 0x0000000708a00000, 0x0000000708a00000| Untracked 
|  57|0x0000000708c00000, 0x0000000708c00000, 0x0000000708e00000|  0%| F|  |TAMS 0x0000000708c00000, 0x0000000708c00000| Untracked 
|  58|0x0000000708e00000, 0x0000000708e00000, 0x0000000709000000|  0%| F|  |TAMS 0x0000000708e00000, 0x0000000708e00000| Untracked 
|  59|0x0000000709000000, 0x0000000709000000, 0x0000000709200000|  0%| F|  |TAMS 0x0000000709000000, 0x0000000709000000| Untracked 
|  60|0x0000000709200000, 0x0000000709200000, 0x0000000709400000|  0%| F|  |TAMS 0x0000000709200000, 0x0000000709200000| Untracked 
|  61|0x0000000709400000, 0x0000000709400000, 0x0000000709600000|  0%| F|  |TAMS 0x0000000709400000, 0x0000000709400000| Untracked 
|  62|0x0000000709600000, 0x0000000709600000, 0x0000000709800000|  0%| F|  |TAMS 0x0000000709600000, 0x0000000709600000| Untracked 
|  63|0x0000000709800000, 0x0000000709800000, 0x0000000709a00000|  0%| F|  |TAMS 0x0000000709800000, 0x0000000709800000| Untracked 
|  64|0x0000000709a00000, 0x0000000709a00000, 0x0000000709c00000|  0%| F|  |TAMS 0x0000000709a00000, 0x0000000709a00000| Untracked 
|  65|0x0000000709c00000, 0x0000000709c00000, 0x0000000709e00000|  0%| F|  |TAMS 0x0000000709c00000, 0x0000000709c00000| Untracked 
|  66|0x0000000709e00000, 0x0000000709e00000, 0x000000070a000000|  0%| F|  |TAMS 0x0000000709e00000, 0x0000000709e00000| Untracked 
|  67|0x000000070a000000, 0x000000070a000000, 0x000000070a200000|  0%| F|  |TAMS 0x000000070a000000, 0x000000070a000000| Untracked 
|  68|0x000000070a200000, 0x000000070a200000, 0x000000070a400000|  0%| F|  |TAMS 0x000000070a200000, 0x000000070a200000| Untracked 
|  69|0x000000070a400000, 0x000000070a400000, 0x000000070a600000|  0%| F|  |TAMS 0x000000070a400000, 0x000000070a400000| Untracked 
|  70|0x000000070a600000, 0x000000070a600000, 0x000000070a800000|  0%| F|  |TAMS 0x000000070a600000, 0x000000070a600000| Untracked 
|  71|0x000000070a800000, 0x000000070a800000, 0x000000070aa00000|  0%| F|  |TAMS 0x000000070a800000, 0x000000070a800000| Untracked 
|  72|0x000000070aa00000, 0x000000070aa00000, 0x000000070ac00000|  0%| F|  |TAMS 0x000000070aa00000, 0x000000070aa00000| Untracked 
|  73|0x000000070ac00000, 0x000000070ac00000, 0x000000070ae00000|  0%| F|  |TAMS 0x000000070ac00000, 0x000000070ac00000| Untracked 
|  74|0x000000070ae00000, 0x000000070ae00000, 0x000000070b000000|  0%| F|  |TAMS 0x000000070ae00000, 0x000000070ae00000| Untracked 
|  75|0x000000070b000000, 0x000000070b000000, 0x000000070b200000|  0%| F|  |TAMS 0x000000070b000000, 0x000000070b000000| Untracked 
|  76|0x000000070b200000, 0x000000070b200000, 0x000000070b400000|  0%| F|  |TAMS 0x000000070b200000, 0x000000070b200000| Untracked 
|  77|0x000000070b400000, 0x000000070b400000, 0x000000070b600000|  0%| F|  |TAMS 0x000000070b400000, 0x000000070b400000| Untracked 
|  78|0x000000070b600000, 0x000000070b600000, 0x000000070b800000|  0%| F|  |TAMS 0x000000070b600000, 0x000000070b600000| Untracked 
|  79|0x000000070b800000, 0x000000070b800000, 0x000000070ba00000|  0%| F|  |TAMS 0x000000070b800000, 0x000000070b800000| Untracked 
|  80|0x000000070ba00000, 0x000000070ba00000, 0x000000070bc00000|  0%| F|  |TAMS 0x000000070ba00000, 0x000000070ba00000| Untracked 
|  81|0x000000070bc00000, 0x000000070bc00000, 0x000000070be00000|  0%| F|  |TAMS 0x000000070bc00000, 0x000000070bc00000| Untracked 
|  82|0x000000070be00000, 0x000000070be00000, 0x000000070c000000|  0%| F|  |TAMS 0x000000070be00000, 0x000000070be00000| Untracked 
|  83|0x000000070c000000, 0x000000070c000000, 0x000000070c200000|  0%| F|  |TAMS 0x000000070c000000, 0x000000070c000000| Untracked 
|  84|0x000000070c200000, 0x000000070c200000, 0x000000070c400000|  0%| F|  |TAMS 0x000000070c200000, 0x000000070c200000| Untracked 
|  85|0x000000070c400000, 0x000000070c400000, 0x000000070c600000|  0%| F|  |TAMS 0x000000070c400000, 0x000000070c400000| Untracked 
|  86|0x000000070c600000, 0x000000070c600000, 0x000000070c800000|  0%| F|  |TAMS 0x000000070c600000, 0x000000070c600000| Untracked 
|  87|0x000000070c800000, 0x000000070c800000, 0x000000070ca00000|  0%| F|  |TAMS 0x000000070c800000, 0x000000070c800000| Untracked 
|  88|0x000000070ca00000, 0x000000070ca00000, 0x000000070cc00000|  0%| F|  |TAMS 0x000000070ca00000, 0x000000070ca00000| Untracked 
|  89|0x000000070cc00000, 0x000000070cc00000, 0x000000070ce00000|  0%| F|  |TAMS 0x000000070cc00000, 0x000000070cc00000| Untracked 
|  90|0x000000070ce00000, 0x000000070ce00000, 0x000000070d000000|  0%| F|  |TAMS 0x000000070ce00000, 0x000000070ce00000| Untracked 
|  91|0x000000070d000000, 0x000000070d000000, 0x000000070d200000|  0%| F|  |TAMS 0x000000070d000000, 0x000000070d000000| Untracked 
|  92|0x000000070d200000, 0x000000070d200000, 0x000000070d400000|  0%| F|  |TAMS 0x000000070d200000, 0x000000070d200000| Untracked 
|  93|0x000000070d400000, 0x000000070d400000, 0x000000070d600000|  0%| F|  |TAMS 0x000000070d400000, 0x000000070d400000| Untracked 
|  94|0x000000070d600000, 0x000000070d600000, 0x000000070d800000|  0%| F|  |TAMS 0x000000070d600000, 0x000000070d600000| Untracked 
|  95|0x000000070d800000, 0x000000070d800000, 0x000000070da00000|  0%| F|  |TAMS 0x000000070d800000, 0x000000070d800000| Untracked 
|  96|0x000000070da00000, 0x000000070da00000, 0x000000070dc00000|  0%| F|  |TAMS 0x000000070da00000, 0x000000070da00000| Untracked 
|  97|0x000000070dc00000, 0x000000070dc00000, 0x000000070de00000|  0%| F|  |TAMS 0x000000070dc00000, 0x000000070dc00000| Untracked 
|  98|0x000000070de00000, 0x000000070de00000, 0x000000070e000000|  0%| F|  |TAMS 0x000000070de00000, 0x000000070de00000| Untracked 
|  99|0x000000070e000000, 0x000000070e000000, 0x000000070e200000|  0%| F|  |TAMS 0x000000070e000000, 0x000000070e000000| Untracked 
| 100|0x000000070e200000, 0x000000070e200000, 0x000000070e400000|  0%| F|  |TAMS 0x000000070e200000, 0x000000070e200000| Untracked 
| 101|0x000000070e400000, 0x000000070e400000, 0x000000070e600000|  0%| F|  |TAMS 0x000000070e400000, 0x000000070e400000| Untracked 
| 102|0x000000070e600000, 0x000000070e600000, 0x000000070e800000|  0%| F|  |TAMS 0x000000070e600000, 0x000000070e600000| Untracked 
| 103|0x000000070e800000, 0x000000070e800000, 0x000000070ea00000|  0%| F|  |TAMS 0x000000070e800000, 0x000000070e800000| Untracked 
| 104|0x000000070ea00000, 0x000000070ea00000, 0x000000070ec00000|  0%| F|  |TAMS 0x000000070ea00000, 0x000000070ea00000| Untracked 
| 105|0x000000070ec00000, 0x000000070ec00000, 0x000000070ee00000|  0%| F|  |TAMS 0x000000070ec00000, 0x000000070ec00000| Untracked 
| 106|0x000000070ee00000, 0x000000070ee00000, 0x000000070f000000|  0%| F|  |TAMS 0x000000070ee00000, 0x000000070ee00000| Untracked 
| 107|0x000000070f000000, 0x000000070f000000, 0x000000070f200000|  0%| F|  |TAMS 0x000000070f000000, 0x000000070f000000| Untracked 
| 108|0x000000070f200000, 0x000000070f200000, 0x000000070f400000|  0%| F|  |TAMS 0x000000070f200000, 0x000000070f200000| Untracked 
| 109|0x000000070f400000, 0x000000070f400000, 0x000000070f600000|  0%| F|  |TAMS 0x000000070f400000, 0x000000070f400000| Untracked 
| 110|0x000000070f600000, 0x000000070f600000, 0x000000070f800000|  0%| F|  |TAMS 0x000000070f600000, 0x000000070f600000| Untracked 
| 111|0x000000070f800000, 0x000000070f800000, 0x000000070fa00000|  0%| F|  |TAMS 0x000000070f800000, 0x000000070f800000| Untracked 
| 112|0x000000070fa00000, 0x000000070fa00000, 0x000000070fc00000|  0%| F|  |TAMS 0x000000070fa00000, 0x000000070fa00000| Untracked 
| 113|0x000000070fc00000, 0x000000070fc00000, 0x000000070fe00000|  0%| F|  |TAMS 0x000000070fc00000, 0x000000070fc00000| Untracked 
| 114|0x000000070fe00000, 0x000000070fe00000, 0x0000000710000000|  0%| F|  |TAMS 0x000000070fe00000, 0x000000070fe00000| Untracked 
| 115|0x0000000710000000, 0x0000000710000000, 0x0000000710200000|  0%| F|  |TAMS 0x0000000710000000, 0x0000000710000000| Untracked 
| 116|0x0000000710200000, 0x0000000710200000, 0x0000000710400000|  0%| F|  |TAMS 0x0000000710200000, 0x0000000710200000| Untracked 
| 117|0x0000000710400000, 0x0000000710400000, 0x0000000710600000|  0%| F|  |TAMS 0x0000000710400000, 0x0000000710400000| Untracked 
| 118|0x0000000710600000, 0x0000000710600000, 0x0000000710800000|  0%| F|  |TAMS 0x0000000710600000, 0x0000000710600000| Untracked 
| 119|0x0000000710800000, 0x0000000710800000, 0x0000000710a00000|  0%| F|  |TAMS 0x0000000710800000, 0x0000000710800000| Untracked 
| 120|0x0000000710a00000, 0x0000000710a00000, 0x0000000710c00000|  0%| F|  |TAMS 0x0000000710a00000, 0x0000000710a00000| Untracked 
| 121|0x0000000710c00000, 0x0000000710c00000, 0x0000000710e00000|  0%| F|  |TAMS 0x0000000710c00000, 0x0000000710c00000| Untracked 
| 122|0x0000000710e00000, 0x0000000710e00000, 0x0000000711000000|  0%| F|  |TAMS 0x0000000710e00000, 0x0000000710e00000| Untracked 
| 123|0x0000000711000000, 0x0000000711000000, 0x0000000711200000|  0%| F|  |TAMS 0x0000000711000000, 0x0000000711000000| Untracked 
| 124|0x0000000711200000, 0x0000000711300000, 0x0000000711400000| 50%| E|  |TAMS 0x0000000711200000, 0x0000000711200000| Complete 
| 125|0x0000000711400000, 0x0000000711600000, 0x0000000711600000|100%| E|CS|TAMS 0x0000000711400000, 0x0000000711400000| Complete 
| 126|0x0000000711600000, 0x0000000711800000, 0x0000000711800000|100%| E|CS|TAMS 0x0000000711600000, 0x0000000711600000| Complete 
| 127|0x0000000711800000, 0x0000000711a00000, 0x0000000711a00000|100%| E|CS|TAMS 0x0000000711800000, 0x0000000711800000| Complete 

Card table byte_map: [0x000002b7f9c30000,0x000002b7fa430000] _byte_map_base: 0x000002b7f6423000

Marking Bits (Prev, Next): (CMBitMap*) 0x000002b7f8e99c20, (CMBitMap*) 0x000002b7f8e99c60
 Prev Bits: [0x000002b7fac30000, 0x000002b7febc8000)
 Next Bits: [0x000002b796bb0000, 0x000002b79ab48000)

Polling page: 0x000002b7f7010000

Metaspace:

Usage:
  Non-class:     16.72 MB used.
      Class:      2.20 MB used.
       Both:     18.92 MB used.

Virtual space:
  Non-class space:       64.00 MB reserved,      16.88 MB ( 26%) committed,  1 nodes.
      Class space:        1.00 GB reserved,       2.31 MB ( <1%) committed,  1 nodes.
             Both:        1.06 GB reserved,      19.19 MB (  2%) committed. 

Chunk freelists:
   Non-Class:  14.97 MB
       Class:  13.74 MB
        Both:  28.72 MB

MaxMetaspaceSize: unlimited
CompressedClassSpaceSize: 1.00 GB
Initial GC threshold: 21.00 MB
Current GC threshold: 21.00 MB
CDS: on
MetaspaceReclaimPolicy: balanced
 - commit_granule_bytes: 65536.
 - commit_granule_words: 8192.
 - virtual_space_node_default_size: 8388608.
 - enlarge_chunks_in_place: 1.
 - new_chunks_are_fully_committed: 0.
 - uncommit_free_chunks: 1.
 - use_allocation_guard: 0.
 - handle_deallocations: 1.


Internal statistics:

num_allocs_failed_limit: 0.
num_arena_births: 134.
num_arena_deaths: 0.
num_vsnodes_births: 2.
num_vsnodes_deaths: 0.
num_space_committed: 307.
num_space_uncommitted: 0.
num_chunks_returned_to_freelist: 0.
num_chunks_taken_from_freelist: 783.
num_chunk_merges: 0.
num_chunk_splits: 527.
num_chunks_enlarged: 400.
num_inconsistent_stats: 0.

CodeHeap 'non-profiled nmethods': size=120000Kb used=2460Kb max_used=2460Kb free=117539Kb
 bounds [0x000002b78f680000, 0x000002b78f8f0000, 0x000002b796bb0000]
CodeHeap 'profiled nmethods': size=120000Kb used=9548Kb max_used=9548Kb free=110451Kb
 bounds [0x000002b787bb0000, 0x000002b788510000, 0x000002b78f0e0000]
CodeHeap 'non-nmethods': size=5760Kb used=1252Kb max_used=1256Kb free=4507Kb
 bounds [0x000002b78f0e0000, 0x000002b78f350000, 0x000002b78f680000]
 total_blobs=5084 nmethods=4588 adapters=406
 compilation: enabled
              stopped_count=0, restarted_count=0
 full_count=0

Compilation events (20 events):
Event: 9.450 Thread 0x000002b79cb78b60 4582       3       java.util.stream.ForEachOps$ForEachOp::<init> (10 bytes)
Event: 9.450 Thread 0x000002b79cb78b60 nmethod 4582 0x000002b7884efd90 code [0x000002b7884eff40, 0x000002b7884f00b8]
Event: 9.450 Thread 0x000002b79cb78b60 4583       3       java.util.stream.ForEachOps$ForEachOp$OfRef::evaluateSequential (7 bytes)
Event: 9.450 Thread 0x000002b79cb78b60 nmethod 4583 0x000002b7884f0190 code [0x000002b7884f0360, 0x000002b7884f0788]
Event: 9.450 Thread 0x000002b79cb78b60 4584       3       java.util.stream.ForEachOps$ForEachOp::evaluateSequential (13 bytes)
Event: 9.450 Thread 0x000002b79cb78b60 nmethod 4584 0x000002b7884f0910 code [0x000002b7884f0ae0, 0x000002b7884f0ea8]
Event: 9.450 Thread 0x000002b79cb78b60 4586       3       java.util.stream.ForEachOps$ForEachOp$OfRef::accept (11 bytes)
Event: 9.450 Thread 0x000002b79cb78b60 nmethod 4586 0x000002b7884f1010 code [0x000002b7884f11c0, 0x000002b7884f13a8]
Event: 9.453 Thread 0x000002b79cb78b60 4587       3       com.sun.crypto.provider.AESCrypt::mul4 (181 bytes)
Event: 9.453 Thread 0x000002b79cb78b60 nmethod 4587 0x000002b7884f1490 code [0x000002b7884f1700, 0x000002b7884f22b8]
Event: 9.457 Thread 0x000002b79cb78b60 4588       3       jdk.internal.org.objectweb.asm.ClassWriter::visit (160 bytes)
Event: 9.457 Thread 0x000002b79cb78b60 nmethod 4588 0x000002b7884f2890 code [0x000002b7884f2ac0, 0x000002b7884f32f8]
Event: 9.457 Thread 0x000002b79cb78b60 4589       3       jdk.internal.org.objectweb.asm.SymbolTable::setMajorVersionAndClassName (19 bytes)
Event: 9.457 Thread 0x000002b79cb78b60 nmethod 4589 0x000002b7884f3710 code [0x000002b7884f38c0, 0x000002b7884f3ac8]
Event: 9.479 Thread 0x000002b79cb78b60 4590       3       sun.security.ssl.CipherSuite::<init> (112 bytes)
Event: 9.481 Thread 0x000002b79cb78b60 nmethod 4590 0x000002b7884f3c10 code [0x000002b7884f3ec0, 0x000002b7884f4f28]
Event: 9.481 Thread 0x000002b79cb78b60 4592       3       java.lang.String$CaseInsensitiveComparator::compare (13 bytes)
Event: 9.481 Thread 0x000002b79cb78b60 nmethod 4592 0x000002b7884f5490 code [0x000002b7884f5640, 0x000002b7884f5968]
Event: 9.481 Thread 0x000002b79cb78b60 4593       3       java.lang.String$CaseInsensitiveComparator::compare (68 bytes)
Event: 9.496 Thread 0x000002b79cb78b60 nmethod 4593 0x000002b7884f5a90 code [0x000002b7884f5ca0, 0x000002b7884f6138]

GC Heap History (6 events):
Event: 4.564 GC heap before
{Heap before GC invocations=0 (full 0):
 garbage-first heap   total 262144K, used 22528K [0x0000000701a00000, 0x0000000800000000)
  region size 2048K, 11 young (22528K), 0 survivors (0K)
 Metaspace       used 5474K, committed 5696K, reserved 1114112K
  class space    used 659K, committed 768K, reserved 1048576K
}
Event: 4.587 GC heap after
{Heap after GC invocations=1 (full 0):
 garbage-first heap   total 262144K, used 3687K [0x0000000701a00000, 0x0000000800000000)
  region size 2048K, 2 young (4096K), 2 survivors (4096K)
 Metaspace       used 5474K, committed 5696K, reserved 1114112K
  class space    used 659K, committed 768K, reserved 1048576K
}
Event: 5.452 GC heap before
{Heap before GC invocations=1 (full 0):
 garbage-first heap   total 262144K, used 34407K [0x0000000701a00000, 0x0000000800000000)
  region size 2048K, 17 young (34816K), 2 survivors (4096K)
 Metaspace       used 9504K, committed 9664K, reserved 1114112K
  class space    used 1152K, committed 1216K, reserved 1048576K
}
Event: 5.455 GC heap after
{Heap after GC invocations=2 (full 0):
 garbage-first heap   total 262144K, used 5380K [0x0000000701a00000, 0x0000000800000000)
  region size 2048K, 1 young (2048K), 1 survivors (2048K)
 Metaspace       used 9504K, committed 9664K, reserved 1114112K
  class space    used 1152K, committed 1216K, reserved 1048576K
}
Event: 9.065 GC heap before
{Heap before GC invocations=2 (full 0):
 garbage-first heap   total 262144K, used 158980K [0x0000000701a00000, 0x0000000800000000)
  region size 2048K, 76 young (155648K), 1 survivors (2048K)
 Metaspace       used 17400K, committed 17664K, reserved 1114112K
  class space    used 2041K, committed 2176K, reserved 1048576K
}
Event: 9.086 GC heap after
{Heap after GC invocations=3 (full 0):
 garbage-first heap   total 262144K, used 16886K [0x0000000701a00000, 0x0000000800000000)
  region size 2048K, 7 young (14336K), 7 survivors (14336K)
 Metaspace       used 17400K, committed 17664K, reserved 1114112K
  class space    used 2041K, committed 2176K, reserved 1048576K
}

Dll operation events (9 events):
Event: 0.006 Loaded shared library C:\Program Files\Java\zulu17.60.17-ca-jdk17.0.16-win_x64\bin\java.dll
Event: 0.136 Loaded shared library C:\Program Files\Java\zulu17.60.17-ca-jdk17.0.16-win_x64\bin\jsvml.dll
Event: 0.182 Loaded shared library C:\Program Files\Java\zulu17.60.17-ca-jdk17.0.16-win_x64\bin\net.dll
Event: 0.184 Loaded shared library C:\Program Files\Java\zulu17.60.17-ca-jdk17.0.16-win_x64\bin\nio.dll
Event: 0.202 Loaded shared library C:\Program Files\Java\zulu17.60.17-ca-jdk17.0.16-win_x64\bin\zip.dll
Event: 3.498 Loaded shared library C:\apache-maven-3.9.11\lib\jansi-native\Windows\x86_64\jansi.dll
Event: 3.499 Loaded shared library C:\Program Files\Java\zulu17.60.17-ca-jdk17.0.16-win_x64\bin\jimage.dll
Event: 3.540 Loaded shared library C:\Program Files\Java\zulu17.60.17-ca-jdk17.0.16-win_x64\bin\verify.dll
Event: 9.301 Loaded shared library C:\Program Files\Java\zulu17.60.17-ca-jdk17.0.16-win_x64\bin\sunmscapi.dll

Deoptimization events (20 events):
Event: 9.352 Thread 0x000002b7f8e2a3f0 Uncommon trap: trap_request=0xffffffc6 fr.pc=0x000002b78f86480c relative=0x00000000000003cc
Event: 9.352 Thread 0x000002b7f8e2a3f0 Uncommon trap: reason=bimorphic_or_optimized_type_check action=maybe_recompile pc=0x000002b78f86480c method=java.util.regex.Matcher.match(II)Z @ 121 c2
Event: 9.352 Thread 0x000002b7f8e2a3f0 DEOPT PACKING pc=0x000002b78f86480c sp=0x000000fceb2f9c20
Event: 9.352 Thread 0x000002b7f8e2a3f0 DEOPT UNPACKING pc=0x000002b78f1369a3 sp=0x000000fceb2f9b98 mode 2
Event: 9.352 Thread 0x000002b7f8e2a3f0 Uncommon trap: trap_request=0xffffffc6 fr.pc=0x000002b78f86480c relative=0x00000000000003cc
Event: 9.352 Thread 0x000002b7f8e2a3f0 Uncommon trap: reason=bimorphic_or_optimized_type_check action=maybe_recompile pc=0x000002b78f86480c method=java.util.regex.Matcher.match(II)Z @ 121 c2
Event: 9.352 Thread 0x000002b7f8e2a3f0 DEOPT PACKING pc=0x000002b78f86480c sp=0x000000fceb2f9c20
Event: 9.352 Thread 0x000002b7f8e2a3f0 DEOPT UNPACKING pc=0x000002b78f1369a3 sp=0x000000fceb2f9b98 mode 2
Event: 9.352 Thread 0x000002b7f8e2a3f0 Uncommon trap: trap_request=0xffffffc6 fr.pc=0x000002b78f86480c relative=0x00000000000003cc
Event: 9.352 Thread 0x000002b7f8e2a3f0 Uncommon trap: reason=bimorphic_or_optimized_type_check action=maybe_recompile pc=0x000002b78f86480c method=java.util.regex.Matcher.match(II)Z @ 121 c2
Event: 9.352 Thread 0x000002b7f8e2a3f0 DEOPT PACKING pc=0x000002b78f86480c sp=0x000000fceb2f9c20
Event: 9.352 Thread 0x000002b7f8e2a3f0 DEOPT UNPACKING pc=0x000002b78f1369a3 sp=0x000000fceb2f9b98 mode 2
Event: 9.352 Thread 0x000002b7f8e2a3f0 Uncommon trap: trap_request=0xffffffc6 fr.pc=0x000002b78f86480c relative=0x00000000000003cc
Event: 9.352 Thread 0x000002b7f8e2a3f0 Uncommon trap: reason=bimorphic_or_optimized_type_check action=maybe_recompile pc=0x000002b78f86480c method=java.util.regex.Matcher.match(II)Z @ 121 c2
Event: 9.352 Thread 0x000002b7f8e2a3f0 DEOPT PACKING pc=0x000002b78f86480c sp=0x000000fceb2f9c20
Event: 9.352 Thread 0x000002b7f8e2a3f0 DEOPT UNPACKING pc=0x000002b78f1369a3 sp=0x000000fceb2f9b98 mode 2
Event: 9.374 Thread 0x000002b7f8e2a3f0 Uncommon trap: trap_request=0xffffff45 fr.pc=0x000002b78f73f66c relative=0x00000000000000cc
Event: 9.374 Thread 0x000002b7f8e2a3f0 Uncommon trap: reason=unstable_if action=reinterpret pc=0x000002b78f73f66c method=java.lang.ref.SoftReference.get()Ljava/lang/Object; @ 6 c2
Event: 9.374 Thread 0x000002b7f8e2a3f0 DEOPT PACKING pc=0x000002b78f73f66c sp=0x000000fceb2fa7f0
Event: 9.374 Thread 0x000002b7f8e2a3f0 DEOPT UNPACKING pc=0x000002b78f1369a3 sp=0x000000fceb2fa7a8 mode 2

Classes loaded (20 events):
Event: 9.481 Loading class java/security/Signature
Event: 9.482 Loading class java/security/SignatureSpi
Event: 9.482 Loading class java/security/SignatureSpi done
Event: 9.482 Loading class java/security/Signature done
Event: 9.496 Loading class java/security/Signature$1
Event: 9.496 Loading class jdk/internal/access/JavaSecuritySignatureAccess
Event: 9.496 Loading class jdk/internal/access/JavaSecuritySignatureAccess done
Event: 9.496 Loading class java/security/Signature$1 done
Event: 9.498 Loading class java/security/SignatureException
Event: 9.498 Loading class java/security/SignatureException done
Event: 9.499 Loading class java/security/InvalidKeyException
Event: 9.499 Loading class java/security/KeyException
Event: 9.499 Loading class java/security/KeyException done
Event: 9.499 Loading class java/security/InvalidKeyException done
Event: 9.499 Loading class java/security/InvalidAlgorithmParameterException
Event: 9.499 Loading class java/security/InvalidAlgorithmParameterException done
Event: 9.499 Loading class java/security/interfaces/ECKey
Event: 9.499 Loading class java/security/interfaces/ECKey done
Event: 9.511 Loading class java/security/MessageDigest
Event: 9.511 Loading class java/security/MessageDigestSpi

Classes unloaded (0 events):
No events

Classes redefined (0 events):
No events

Internal exceptions (20 events):
Event: 8.408 Thread 0x000002b7f8e2a3f0 Implicit null exception at 0x000002b78f711caf to 0x000002b78f711d29
Event: 8.536 Thread 0x000002b7f8e2a3f0 Exception <a 'java/lang/NoSuchMethodError'{0x000000070951f2a0}: 'java.lang.Object java.lang.invoke.DirectMethodHandle$Holder.newInvokeSpecial(java.lang.Object, java.lang.Object, java.lang.Object, java.lang.Object, java.lang.Object, java.lang.Object, java.lang.Object)'> (0x000000070951f2a0) 
thrown [s\src\hotspot\share\interpreter\linkResolver.cpp, line 759]
Event: 8.536 Thread 0x000002b7f8e2a3f0 Exception <a 'java/lang/NoSuchMethodError'{0x0000000709523bb0}: 'java.lang.Object java.lang.invoke.Invokers$Holder.linkToTargetMethod(java.lang.Object, java.lang.Object, java.lang.Object, java.lang.Object, java.lang.Object, java.lang.Object, java.lang.Object)'> (0x0000000709523bb0) 
thrown [s\src\hotspot\share\interpreter\linkResolver.cpp, line 759]
Event: 8.563 Thread 0x000002b7f8e2a3f0 Implicit null exception at 0x000002b78f86b366 to 0x000002b78f86c078
Event: 8.675 Thread 0x000002b7f8e2a3f0 Exception <a 'java/lang/NoSuchMethodError'{0x00000007093ea750}: 'int java.lang.invoke.DirectMethodHandle$Holder.invokeVirtual(java.lang.Object, java.lang.Object)'> (0x00000007093ea750) 
thrown [s\src\hotspot\share\interpreter\linkResolver.cpp, line 759]
Event: 8.731 Thread 0x000002b7f8e2a3f0 Implicit null exception at 0x000002b78f83fe60 to 0x000002b78f83fefa
Event: 8.785 Thread 0x000002b7f8e2a3f0 Exception <a 'sun/nio/fs/WindowsException'{0x00000007091be610}> (0x00000007091be610) 
thrown [s\src\hotspot\share\prims\jni.cpp, line 516]
Event: 8.785 Thread 0x000002b7f8e2a3f0 Exception <a 'sun/nio/fs/WindowsException'{0x00000007091bed48}> (0x00000007091bed48) 
thrown [s\src\hotspot\share\prims\jni.cpp, line 516]
Event: 8.785 Thread 0x000002b7f8e2a3f0 Exception <a 'sun/nio/fs/WindowsException'{0x00000007091bf400}> (0x00000007091bf400) 
thrown [s\src\hotspot\share\prims\jni.cpp, line 516]
Event: 8.785 Thread 0x000002b7f8e2a3f0 Exception <a 'sun/nio/fs/WindowsException'{0x00000007091bfaa0}> (0x00000007091bfaa0) 
thrown [s\src\hotspot\share\prims\jni.cpp, line 516]
Event: 8.785 Thread 0x000002b7f8e2a3f0 Exception <a 'sun/nio/fs/WindowsException'{0x00000007091c0150}> (0x00000007091c0150) 
thrown [s\src\hotspot\share\prims\jni.cpp, line 516]
Event: 8.785 Thread 0x000002b7f8e2a3f0 Exception <a 'sun/nio/fs/WindowsException'{0x00000007091c07e8}> (0x00000007091c07e8) 
thrown [s\src\hotspot\share\prims\jni.cpp, line 516]
Event: 8.991 Thread 0x000002b7f8e2a3f0 Exception <a 'java/lang/NoSuchMethodError'{0x00000007087ac720}: 'int java.lang.invoke.DirectMethodHandle$Holder.invokeStatic(java.lang.Object, java.lang.Object, int)'> (0x00000007087ac720) 
thrown [s\src\hotspot\share\interpreter\linkResolver.cpp, line 759]
Event: 9.173 Thread 0x000002b7f8e2a3f0 Exception <a 'sun/nio/fs/WindowsException'{0x0000000711726e78}> (0x0000000711726e78) 
thrown [s\src\hotspot\share\prims\jni.cpp, line 516]
Event: 9.174 Thread 0x000002b7f8e2a3f0 Exception <a 'sun/nio/fs/WindowsException'{0x0000000711727250}> (0x0000000711727250) 
thrown [s\src\hotspot\share\prims\jni.cpp, line 516]
Event: 9.175 Thread 0x000002b7f8e2a3f0 Exception <a 'sun/nio/fs/WindowsException'{0x000000071172e930}> (0x000000071172e930) 
thrown [s\src\hotspot\share\prims\jni.cpp, line 516]
Event: 9.175 Thread 0x000002b7f8e2a3f0 Exception <a 'sun/nio/fs/WindowsException'{0x000000071172ecc0}> (0x000000071172ecc0) 
thrown [s\src\hotspot\share\prims\jni.cpp, line 516]
Event: 9.407 Thread 0x000002b7f8e2a3f0 Exception <a 'sun/nio/fs/WindowsException'{0x00000007114eb0b8}> (0x00000007114eb0b8) 
thrown [s\src\hotspot\share\prims\jni.cpp, line 516]
Event: 9.419 Thread 0x000002b7f8e2a3f0 Exception <a 'java/lang/NoSuchMethodError'{0x00000007115a0248}: 'int java.lang.invoke.DirectMethodHandle$Holder.invokeStaticInit(java.lang.Object, java.lang.Object, java.lang.Object, java.lang.Object)'> (0x00000007115a0248) 
thrown [s\src\hotspot\share\interpreter\linkResolver.cpp, line 759]
Event: 9.420 Thread 0x000002b7f8e2a3f0 Exception <a 'java/lang/IncompatibleClassChangeError'{0x00000007115a96c0}: Found class java.lang.Object, but interface was expected> (0x00000007115a96c0) 
thrown [s\src\hotspot\share\interpreter\linkResolver.cpp, line 826]

VM Operations (20 events):
Event: 6.975 Executing VM operation: ICBufferFull
Event: 6.975 Executing VM operation: ICBufferFull done
Event: 7.225 Executing VM operation: HandshakeAllThreads
Event: 7.225 Executing VM operation: HandshakeAllThreads done
Event: 7.361 Executing VM operation: ICBufferFull
Event: 7.361 Executing VM operation: ICBufferFull done
Event: 7.766 Executing VM operation: ICBufferFull
Event: 7.785 Executing VM operation: ICBufferFull done
Event: 8.591 Executing VM operation: ICBufferFull
Event: 8.591 Executing VM operation: ICBufferFull done
Event: 8.766 Executing VM operation: HandshakeAllThreads
Event: 8.766 Executing VM operation: HandshakeAllThreads done
Event: 8.883 Executing VM operation: ICBufferFull
Event: 8.883 Executing VM operation: ICBufferFull done
Event: 9.065 Executing VM operation: G1CollectForAllocation
Event: 9.086 Executing VM operation: G1CollectForAllocation done
Event: 9.203 Executing VM operation: HandshakeAllThreads
Event: 9.203 Executing VM operation: HandshakeAllThreads done
Event: 9.305 Executing VM operation: HandshakeAllThreads
Event: 9.305 Executing VM operation: HandshakeAllThreads done

Memory protections (0 events):
No events

Nmethod flushes (0 events):
No events

Events (19 events):
Event: 0.136 Thread 0x000002b7f8e2a3f0 Thread added: 0x000002b7f8e2a3f0
Event: 0.138 Thread 0x000002b7f8e2a3f0 Thread added: 0x000002b7ff86d820
Event: 0.138 Thread 0x000002b7f8e2a3f0 Thread added: 0x000002b7ff86e2f0
Event: 0.154 Thread 0x000002b7f8e2a3f0 Thread added: 0x000002b79cb6b6f0
Event: 0.154 Thread 0x000002b7f8e2a3f0 Thread added: 0x000002b79cb740e0
Event: 0.154 Thread 0x000002b7f8e2a3f0 Thread added: 0x000002b79cb74aa0
Event: 0.154 Thread 0x000002b7f8e2a3f0 Thread added: 0x000002b79cb75460
Event: 0.154 Thread 0x000002b7f8e2a3f0 Thread added: 0x000002b79cb78160
Event: 0.154 Thread 0x000002b7f8e2a3f0 Thread added: 0x000002b79cb78b60
Event: 0.154 Thread 0x000002b7f8e2a3f0 Thread added: 0x000002b79cb7c2b0
Event: 0.164 Thread 0x000002b7f8e2a3f0 Thread added: 0x000002b79ccb6500
Event: 0.165 Thread 0x000002b7f8e2a3f0 Thread added: 0x000002b79ccd69f0
Event: 3.395 Thread 0x000002b7f8e2a3f0 Thread added: 0x000002b79cee8d30
Event: 3.504 Thread 0x000002b79cee8d30 Thread exited: 0x000002b79cee8d30
Event: 4.495 Thread 0x000002b79cb78b60 Thread added: 0x000002b7e24bc210
Event: 4.508 Thread 0x000002b79cb78b60 Thread added: 0x000002b7e24bb770
Event: 5.720 Thread 0x000002b7e24bb770 Thread exited: 0x000002b7e24bb770
Event: 6.197 Thread 0x000002b7f8e2a3f0 Thread added: 0x000002b7e2812ad0
Event: 6.434 Thread 0x000002b79cb78b60 Thread added: 0x000002b7e24bb220


Dynamic libraries:
0x00007ff6e3910000 - 0x00007ff6e391e000 	C:\Program Files\Java\zulu17.60.17-ca-jdk17.0.16-win_x64\bin\java.exe
0x00007fff205c0000 - 0x00007fff20829000 	C:\WINDOWS\SYSTEM32\ntdll.dll
0x00007fff1efc0000 - 0x00007fff1f089000 	C:\WINDOWS\System32\KERNEL32.DLL
0x00007fff1d800000 - 0x00007fff1dbf3000 	C:\WINDOWS\System32\KERNELBASE.dll
0x00007fff1dda0000 - 0x00007fff1deeb000 	C:\WINDOWS\System32\ucrtbase.dll
0x00007ffeec780000 - 0x00007ffeec79e000 	C:\Program Files\Java\zulu17.60.17-ca-jdk17.0.16-win_x64\bin\VCRUNTIME140.dll
0x00007ffeeb5d0000 - 0x00007ffeeb5e9000 	C:\Program Files\Java\zulu17.60.17-ca-jdk17.0.16-win_x64\bin\jli.dll
0x00007fff203b0000 - 0x00007fff20574000 	C:\WINDOWS\System32\USER32.dll
0x00007fff1dd70000 - 0x00007fff1dd97000 	C:\WINDOWS\System32\win32u.dll
0x00007fff0a740000 - 0x00007fff0a9d3000 	C:\WINDOWS\WinSxS\amd64_microsoft.windows.common-controls_6595b64144ccf1df_6.0.26100.5074_none_3e0d6f78e32fd63f\COMCTL32.dll
0x00007fff1eaf0000 - 0x00007fff1eb1b000 	C:\WINDOWS\System32\GDI32.dll
0x00007fff1eb20000 - 0x00007fff1ebc9000 	C:\WINDOWS\System32\msvcrt.dll
0x00007fff1def0000 - 0x00007fff1e01d000 	C:\WINDOWS\System32\gdi32full.dll
0x00007fff1d750000 - 0x00007fff1d7f3000 	C:\WINDOWS\System32\msvcp_win.dll
0x00007fff1eab0000 - 0x00007fff1eadf000 	C:\WINDOWS\System32\IMM32.DLL
0x00007fff0a9e0000 - 0x00007fff0a9ec000 	C:\Program Files\Java\zulu17.60.17-ca-jdk17.0.16-win_x64\bin\vcruntime140_1.dll
0x00007ffee18e0000 - 0x00007ffee196d000 	C:\Program Files\Java\zulu17.60.17-ca-jdk17.0.16-win_x64\bin\msvcp140.dll
0x00007ffe6cf70000 - 0x00007ffe6dbe5000 	C:\Program Files\Java\zulu17.60.17-ca-jdk17.0.16-win_x64\bin\server\jvm.dll
0x00007fff1f0c0000 - 0x00007fff1f174000 	C:\WINDOWS\System32\ADVAPI32.dll
0x00007fff1f330000 - 0x00007fff1f3d6000 	C:\WINDOWS\System32\sechost.dll
0x00007fff1e990000 - 0x00007fff1eaa8000 	C:\WINDOWS\System32\RPCRT4.dll
0x00007fff1e3f0000 - 0x00007fff1e464000 	C:\WINDOWS\System32\WS2_32.dll
0x00007fff1d5d0000 - 0x00007fff1d62e000 	C:\WINDOWS\SYSTEM32\POWRPROF.dll
0x00007fff0bbb0000 - 0x00007fff0bbe5000 	C:\WINDOWS\SYSTEM32\WINMM.dll
0x00007fff16510000 - 0x00007fff1651b000 	C:\WINDOWS\SYSTEM32\VERSION.dll
0x00007fff1d5b0000 - 0x00007fff1d5c4000 	C:\WINDOWS\SYSTEM32\UMPDC.dll
0x00007fff1c4f0000 - 0x00007fff1c50b000 	C:\WINDOWS\SYSTEM32\kernel.appcore.dll
0x00007fff090f0000 - 0x00007fff090fa000 	C:\Program Files\Java\zulu17.60.17-ca-jdk17.0.16-win_x64\bin\jimage.dll
0x00007fff0b840000 - 0x00007fff0ba82000 	C:\WINDOWS\SYSTEM32\DBGHELP.DLL
0x00007fff1f3e0000 - 0x00007fff1f75b000 	C:\WINDOWS\System32\combase.dll
0x00007fff1eec0000 - 0x00007fff1ef97000 	C:\WINDOWS\System32\OLEAUT32.dll
0x00007fff08dd0000 - 0x00007fff08e0d000 	C:\WINDOWS\SYSTEM32\dbgcore.DLL
0x00007fff1e0b0000 - 0x00007fff1e149000 	C:\WINDOWS\System32\bcryptPrimitives.dll
0x00007ffec79c0000 - 0x00007ffec79e5000 	C:\Program Files\Java\zulu17.60.17-ca-jdk17.0.16-win_x64\bin\java.dll
0x00007ffec47c0000 - 0x00007ffec4897000 	C:\Program Files\Java\zulu17.60.17-ca-jdk17.0.16-win_x64\bin\jsvml.dll
0x00007fff1fae0000 - 0x00007fff2022d000 	C:\WINDOWS\System32\SHELL32.dll
0x00007fff1dc00000 - 0x00007fff1dd6c000 	C:\WINDOWS\System32\wintypes.dll
0x00007fff1b390000 - 0x00007fff1bbe9000 	C:\WINDOWS\SYSTEM32\windows.storage.dll
0x00007fff1ebd0000 - 0x00007fff1ecc0000 	C:\WINDOWS\System32\SHCORE.dll
0x00007fff1ee50000 - 0x00007fff1eeb2000 	C:\WINDOWS\System32\shlwapi.dll
0x00007fff1d640000 - 0x00007fff1d669000 	C:\WINDOWS\SYSTEM32\profapi.dll
0x00007ffee19c0000 - 0x00007ffee19d9000 	C:\Program Files\Java\zulu17.60.17-ca-jdk17.0.16-win_x64\bin\net.dll
0x00007fff16320000 - 0x00007fff1643f000 	C:\WINDOWS\SYSTEM32\WINHTTP.dll
0x00007fff1ca50000 - 0x00007fff1cabb000 	C:\WINDOWS\system32\mswsock.dll
0x00007ffecf460000 - 0x00007ffecf476000 	C:\Program Files\Java\zulu17.60.17-ca-jdk17.0.16-win_x64\bin\nio.dll
0x00007ffeeac30000 - 0x00007ffeeac48000 	C:\Program Files\Java\zulu17.60.17-ca-jdk17.0.16-win_x64\bin\zip.dll
0x00007ffeeb350000 - 0x00007ffeeb374000 	C:\apache-maven-3.9.11\lib\jansi-native\Windows\x86_64\jansi.dll
0x00007ffeefb90000 - 0x00007ffeefba0000 	C:\Program Files\Java\zulu17.60.17-ca-jdk17.0.16-win_x64\bin\verify.dll
0x00007ffee8b60000 - 0x00007ffee8b6e000 	C:\Program Files\Java\zulu17.60.17-ca-jdk17.0.16-win_x64\bin\sunmscapi.dll
0x00007fff1e150000 - 0x00007fff1e2c7000 	C:\WINDOWS\System32\CRYPT32.dll
0x00007fff1ce60000 - 0x00007fff1ce90000 	C:\WINDOWS\SYSTEM32\ncrypt.dll
0x00007fff1ce10000 - 0x00007fff1ce4f000 	C:\WINDOWS\SYSTEM32\NTASN1.dll

dbghelp: loaded successfully - version: 4.0.5 - missing functions: none
symbol engine: initialized successfully - sym options: 0x614 - pdb path: .;C:\Program Files\Java\zulu17.60.17-ca-jdk17.0.16-win_x64\bin;C:\WINDOWS\SYSTEM32;C:\WINDOWS\WinSxS\amd64_microsoft.windows.common-controls_6595b64144ccf1df_6.0.26100.5074_none_3e0d6f78e32fd63f;C:\Program Files\Java\zulu17.60.17-ca-jdk17.0.16-win_x64\bin\server;C:\apache-maven-3.9.11\lib\jansi-native\Windows\x86_64

VM Arguments:
jvm_args: --enable-native-access=ALL-UNNAMED -Dclassworlds.conf=C:\apache-maven-3.9.11\bin\m2.conf -Dmaven.home=C:\apache-maven-3.9.11 -Dlibrary.jansi.path=C:\apache-maven-3.9.11\lib\jansi-native -Dmaven.multiModuleProjectDirectory=C:\Users\Gregory de Souza\Desktop\projetos\cursoJava\bff-agendador-tarefas 
java_command: org.codehaus.plexus.classworlds.launcher.Launcher clean install
java_class_path (initial): C:\apache-maven-3.9.11\boot\plexus-classworlds-2.9.0.jar
Launcher Type: SUN_STANDARD

[Global flags]
     intx CICompilerCount                          = 4                                         {product} {ergonomic}
     uint ConcGCThreads                            = 3                                         {product} {ergonomic}
     uint G1ConcRefinementThreads                  = 10                                        {product} {ergonomic}
   size_t G1HeapRegionSize                         = 2097152                                   {product} {ergonomic}
    uintx GCDrainStackTargetSize                   = 64                                        {product} {ergonomic}
   size_t InitialHeapSize                          = 268435456                                 {product} {ergonomic}
   size_t MarkStackSize                            = 4194304                                   {product} {ergonomic}
   size_t MaxHeapSize                              = 4267704320                                {product} {ergonomic}
   size_t MaxNewSize                               = 2560622592                                {product} {ergonomic}
   size_t MinHeapDeltaBytes                        = 2097152                                   {product} {ergonomic}
   size_t MinHeapSize                              = 8388608                                   {product} {ergonomic}
    uintx NonNMethodCodeHeapSize                   = 5839372                                {pd product} {ergonomic}
    uintx NonProfiledCodeHeapSize                  = 122909434                              {pd product} {ergonomic}
    uintx ProfiledCodeHeapSize                     = 122909434                              {pd product} {ergonomic}
    uintx ReservedCodeCacheSize                    = 251658240                              {pd product} {ergonomic}
     bool SegmentedCodeCache                       = true                                      {product} {ergonomic}
   size_t SoftMaxHeapSize                          = 4267704320                             {manageable} {ergonomic}
     bool UseCompressedClassPointers               = true                           {product lp64_product} {ergonomic}
     bool UseCompressedOops                        = true                           {product lp64_product} {ergonomic}
     bool UseG1GC                                  = true                                      {product} {ergonomic}
     bool UseLargePagesIndividualAllocation        = false                                  {pd product} {ergonomic}

Logging:
Log output configuration:
 #0: stdout all=warning uptime,level,tags
 #1: stderr all=off uptime,level,tags

Environment Variables:
JAVA_HOME=C:\Program Files\Java\zulu17.60.17-ca-jdk17.0.16-win_x64
PATH=C:\Program Files\Java\zulu17.60.17-ca-jdk17.0.16-win_x64\bin;C:\apache-maven-3.9.11\bin;c:\Users\Gregory de Souza\AppData\Local\Programs\cursor\resources\app\bin;C:\Program Files\dotnet\;C:\Program Files (86)\dotnet\;C:\WINDOWS\system32;C:\WINDOWS;C:\WINDOWS\System32\Wbem;C:\WINDOWS\System32\WindowsPowerShell\v1.0\;C:\WINDOWS\System32\OpenSSH\;C:\Program Files\Git\cmd;C:\Program Files\PostgreSQL\15\bin;C:\xampp2\mysql\bin\;C:\Program Files\Maven\bin;C:\Users\Gregory de Souza\AppData\Local\Microsoft\WindowsApps;C:\Program Files\JetBrains\IntelliJ IDEA Community;c:\Users\Gregory de Souza\AppData\Local\Programs\cursor\resources\app\bin;C:\SQLite;C:\Program Files\Docker\Docker\resources\bin;C:\Program Files\nodejs\;C:\Program Files\OpenSSL-Win64\bin;C:\MinGW\bin;C:\Program Files\cursor\resources\app\bin;C:\Users\Gregory de Souza\AppData\Local\Microsoft\WindowsApps;C:\Users\Gregory de Souza\AppData\Local\Programs\Microsoft VS Code\bin;C:\Program Files\dotnet\;C:\Program Files\heroku\bin;C:\Program Files\JetBrains\PyCharm Community Edition 2023.1.1\bin;C:\Program Files\JetBrains\IntelliJ IDEA Community Edition 2023.1.2\bin;C:\Program Files\JetBrains\IntelliJ IDEA 2023.3.4\bin;C:\Users\Gregory de Souza\.dotnet\tools;C:\Users\Gregory de Souza\AppData\Local\Microsoft\WindowsApps;C:\Users\Gregory de Souza\.dotnet\tools;C:\Users\Gregory de Souza\AppData\Roaming\npm;C:\MinGW\bin
USERNAME=Gregory
OS=Windows_NT
PROCESSOR_IDENTIFIER=Intel64 Family 6 Model 165 Stepping 3, GenuineIntel
TMP=C:\Users\GREGOR~1\AppData\Local\Temp
TEMP=C:\Users\GREGOR~1\AppData\Local\Temp



Periodic native trim disabled


---------------  S Y S T E M  ---------------

OS:
 Windows 11 , 64 bit Build 26100 (10.0.26100.5074)
OS uptime: 1 days 16:04 hours
Hyper-V role detected

CPU: total 12 (initial active 12) (6 cores per cpu, 2 threads per core) family 6 model 165 stepping 3 microcode 0xe0, cx8, cmov, fxsr, ht, mmx, 3dnowpref, sse, sse2, sse3, ssse3, sse4.1, sse4.2, popcnt, lzcnt, tsc, tscinvbit, avx, avx2, aes, erms, clmul, bmi1, bmi2, adx, fma, vzeroupper, clflush, clflushopt, hv
Processor Information for all 12 processors :
  Max Mhz: 2904, Current Mhz: 2904, Mhz Limit: 2904

Memory: 4k page, system-wide physical 16279M (1287M free)
TotalPageFile size 29103M (AvailPageFile size 12M)
current process WorkingSet (physical memory assigned to process): 277M, peak: 285M
current process commit charge ("private bytes"): 415M, peak: 423M

vm_info: OpenJDK 64-Bit Server VM (17.0.16+8-LTS) for windows-amd64 JRE (17.0.16+8-LTS) (Zulu17.60+17-CA), built on Jun 30 2025 16:40:41 by "zulu_re" with MS VC++ 16.10 / 16.11 (VS2019)

END.
